<?xml version="1.0" encoding="UTF-8"?>
<!-- Generated by org.testng.reporters.JUnitReportReporter -->
<testsuite hostname="LAPTOP-G4LEVCJ3" failures="0" tests="4" name="saucedemo.Sampleclass" time="9.184" errors="0" timestamp="2021-09-19T15:59:22 IST" skipped="0">
  <testcase classname="saucedemo.Sampleclass" name="Scenario2" time="2.470"/>
  <system-out/>
  <testcase classname="saucedemo.Sampleclass" name="loginTest" time="1.566"/>
  <system-out/>
  <testcase classname="saucedemo.Sampleclass" name="checkout" time="2.293"/>
  <system-out/>
  <testcase classname="saucedemo.Sampleclass" name="priceComparision" time="2.855"/>
  <system-out/>
</testsuite> <!-- saucedemo.Sampleclass -->
