<?xml version="1.0" encoding="UTF-8"?>
<!-- Generated by org.testng.reporters.JUnitReportReporter -->
<testsuite hostname="LAPTOP-G4LEVCJ3" failures="0" tests="4" name="saucedemo.com.Sampleclass" time="8.720" errors="0" timestamp="2021-09-16T13:37:24 IST" skipped="0">
  <testcase classname="saucedemo.com.Sampleclass" name="priceComparision" time="2.640"/>
  <system-out/>
  <testcase classname="saucedemo.com.Sampleclass" name="checkout" time="2.268"/>
  <system-out/>
  <testcase classname="saucedemo.com.Sampleclass" name="Scenario2" time="2.294"/>
  <system-out/>
  <testcase classname="saucedemo.com.Sampleclass" name="loginTest" time="1.518"/>
  <system-out/>
</testsuite> <!-- saucedemo.com.Sampleclass -->
