<?xml version="1.0" encoding="UTF-8"?>
<!-- Generated by org.testng.reporters.JUnitReportReporter -->
<testsuite hostname="LAPTOP-G4LEVCJ3" failures="0" tests="1" name="saucedemo.PriceComparisionTest" time="5.643" errors="0" timestamp="2021-09-19T16:44:26 IST" skipped="0">
  <testcase classname="saucedemo.PriceComparisionTest" name="priceComparision" time="5.643"/>
  <system-out/>
</testsuite> <!-- saucedemo.PriceComparisionTest -->
