<?xml version="1.0" encoding="UTF-8"?>
<!-- Generated by org.testng.reporters.JUnitReportReporter -->
<testsuite hostname="LAPTOP-G4LEVCJ3" failures="0" tests="1" name="saucedemo.InvalidLoginTest" time="1.712" errors="0" timestamp="2021-09-19T16:08:44 IST" skipped="0">
  <testcase classname="saucedemo.InvalidLoginTest" name="loginTest" time="1.712"/>
  <system-out/>
</testsuite> <!-- saucedemo.InvalidLoginTest -->
