<?xml version="1.0" encoding="UTF-8"?>
<!-- Generated by org.testng.reporters.JUnitReportReporter -->
<testsuite hostname="LAPTOP-G4LEVCJ3" failures="0" tests="1" name="saucedemo.com.ProductSelection" time="1.742" errors="0" timestamp="2021-09-16T11:40:51 IST" skipped="0">
  <testcase classname="saucedemo.com.ProductSelection" name="checkout" time="1.742"/>
  <system-out/>
</testsuite> <!-- saucedemo.com.ProductSelection -->
