<?xml version="1.0" encoding="UTF-8"?>
<!-- Generated by org.testng.reporters.JUnitReportReporter -->
<testsuite hostname="LAPTOP-G4LEVCJ3" failures="0" tests="1" name="saucedemo.ValidateProductDetails" time="2.408" errors="0" timestamp="2021-09-19T16:08:44 IST" skipped="0">
  <testcase classname="saucedemo.ValidateProductDetails" name="checkout" time="2.408"/>
  <system-out/>
</testsuite> <!-- saucedemo.ValidateProductDetails -->
