<?xml version="1.0" encoding="UTF-8"?>
<!-- Generated by org.testng.reporters.JUnitReportReporter -->
<testsuite hostname="LAPTOP-G4LEVCJ3" failures="0" tests="1" name="saucedemo.LoginTest" time="3.489" errors="0" timestamp="2021-09-19T16:44:26 IST" skipped="0">
  <testcase classname="saucedemo.LoginTest" name="InvalidLoginTest" time="3.489"/>
  <system-out/>
</testsuite> <!-- saucedemo.LoginTest -->
